Build started 2016-02-07 14:33:47.
     1>Project "E:\INF6803\TP1\Tp1\Tp1\Tp1.vcxproj" on node 2 (Build target(s)).
     1>ClCompile:
         E:\Program Files (x86)\Microsoft Visual Studio 12.0\VC\bin\x86_amd64\CL.exe /c /IE:\opencv\opencv\build\include /Zi /nologo /W3 /WX- /sdl /O2 /Oi /GL /D WIN32 /D NDEBUG /D _CONSOLE /D _LIB /D _UNICODE /D UNICODE /Gm- /EHsc /MD /GS /Gy /fp:precise /Zc:wchar_t /Zc:forScope /Fo"x64\Release\\" /Fd"x64\Release\vc120.pdb" /Gd /TP /errorReport:prompt SLICsp.cpp main.cpp
         SLICsp.cpp
     1>SLICsp.cpp(10): warning C4244: 'argument' : conversion from 'const int' to 'float', possible loss of data
     1>SLICsp.cpp(11): warning C4244: 'argument' : conversion from 'const int' to 'float', possible loss of data
     1>SLICsp.cpp(12): warning C4244: 'argument' : conversion from 'const int' to 'float', possible loss of data
     1>SLICsp.cpp(15): warning C4244: 'argument' : conversion from 'const int' to 'float', possible loss of data
     1>SLICsp.cpp(16): warning C4244: 'argument' : conversion from 'const int' to 'float', possible loss of data
     1>SLICsp.cpp(266): warning C4267: 'return' : conversion from 'size_t' to 'int', possible loss of data
         main.cpp
       Link:
         E:\Program Files (x86)\Microsoft Visual Studio 12.0\VC\bin\x86_amd64\link.exe /ERRORREPORT:PROMPT /OUT:"E:\INF6803\TP1\Tp1\x64\Release\Tp1.exe" /INCREMENTAL:NO /NOLOGO /LIBPATH:E:\opencv\opencv\build\x64\vc12\lib opencv_world310.lib opencv_world310d.lib kernel32.lib user32.lib gdi32.lib winspool.lib comdlg32.lib advapi32.lib shell32.lib ole32.lib oleaut32.lib uuid.lib odbc32.lib odbccp32.lib /MANIFEST /MANIFESTUAC:"level='asInvoker' uiAccess='false'" /manifest:embed /DEBUG /PDB:"E:\INF6803\TP1\Tp1\x64\Release\Tp1.pdb" /SUBSYSTEM:CONSOLE /OPT:REF /OPT:ICF /LTCG /TLBID:1 /DYNAMICBASE /NXCOMPAT /IMPLIB:"E:\INF6803\TP1\Tp1\x64\Release\Tp1.lib" /MACHINE:X64 x64\Release\main.obj
         x64\Release\SLICsp.obj
         Generating code
         Finished generating code
         Tp1.vcxproj -> E:\INF6803\TP1\Tp1\x64\Release\Tp1.exe
     1>Done Building Project "E:\INF6803\TP1\Tp1\Tp1\Tp1.vcxproj" (Build target(s)).

Build succeeded.

Time Elapsed 00:00:02.64
