Build started 2016-01-30 14:45:28.
     1>Project "E:\INF6803\TP1\Tp1\Tp1\Tp1.vcxproj" on node 2 (Rebuild target(s)).
     1>ClCompile:
         E:\Program Files (x86)\Microsoft Visual Studio 12.0\VC\bin\x86_amd64\CL.exe /c /IE:\opencv\opencv\build\include /Zi /nologo /W3 /WX- /sdl /Od /D WIN32 /D _DEBUG /D _CONSOLE /D _LIB /D _UNICODE /D UNICODE /Gm /EHsc /RTC1 /MDd /GS /fp:precise /Zc:wchar_t /Zc:forScope /Fo"x64\Debug\\" /Fd"x64\Debug\vc120.pdb" /Gd /TP /errorReport:prompt main.cpp SLICsp.cpp
         SLICsp.cpp
     1>SLICsp.cpp(81): warning C4244: 'argument' : conversion from 'const int' to 'float', possible loss of data
     1>SLICsp.cpp(82): warning C4244: 'argument' : conversion from 'const int' to 'float', possible loss of data
     1>SLICsp.cpp(83): warning C4244: 'argument' : conversion from 'const int' to 'float', possible loss of data
     1>SLICsp.cpp(86): warning C4244: 'argument' : conversion from 'const int' to 'float', possible loss of data
     1>SLICsp.cpp(87): warning C4244: 'argument' : conversion from 'const int' to 'float', possible loss of data
     1>SLICsp.cpp(240): warning C4267: 'return' : conversion from 'size_t' to 'int', possible loss of data
         main.cpp
         Generating Code...
       Link:
         E:\Program Files (x86)\Microsoft Visual Studio 12.0\VC\bin\x86_amd64\link.exe /ERRORREPORT:PROMPT /OUT:"E:\INF6803\TP1\Tp1\x64\Debug\Tp1.exe" /INCREMENTAL /NOLOGO /LIBPATH:E:\opencv\opencv\build\x64\vc12\lib opencv_world310.lib opencv_world310d.lib kernel32.lib user32.lib gdi32.lib winspool.lib comdlg32.lib advapi32.lib shell32.lib ole32.lib oleaut32.lib uuid.lib odbc32.lib odbccp32.lib /MANIFEST /MANIFESTUAC:"level='asInvoker' uiAccess='false'" /manifest:embed /DEBUG /PDB:"E:\INF6803\TP1\Tp1\x64\Debug\Tp1.pdb" /SUBSYSTEM:CONSOLE /TLBID:1 /DYNAMICBASE /NXCOMPAT /IMPLIB:"E:\INF6803\TP1\Tp1\x64\Debug\Tp1.lib" /MACHINE:X64 x64\Debug\main.obj
         x64\Debug\SLICsp.obj
         Tp1.vcxproj -> E:\INF6803\TP1\Tp1\x64\Debug\Tp1.exe
     1>Done Building Project "E:\INF6803\TP1\Tp1\Tp1\Tp1.vcxproj" (Rebuild target(s)).

Build succeeded.

Time Elapsed 00:00:01.90
